Notice: Output directory `docs' does not exist. I have created it for you.
Searching for include files...
Searching for example files...
Searching for images...
Searching for dot files...
Searching for msc files...
Searching for dia files...
Searching for files to exclude
Searching INPUT for files to process...
Searching for files in directory /home/travis/build/lnupmi11/ScientificReport/ScientificReport
Searching for files in directory /home/travis/build/lnupmi11/ScientificReport/ScientificReport/Areas
Searching for files in directory /home/travis/build/lnupmi11/ScientificReport/ScientificReport/Areas/Identity
Searching for files in directory /home/travis/build/lnupmi11/ScientificReport/ScientificReport/Areas/Identity/Pages
Searching for files in directory /home/travis/build/lnupmi11/ScientificReport/ScientificReport/Controllers
Searching for files in directory /home/travis/build/lnupmi11/ScientificReport/ScientificReport/Data
Searching for files in directory /home/travis/build/lnupmi11/ScientificReport/ScientificReport/Migrations
Searching for files in directory /home/travis/build/lnupmi11/ScientificReport/ScientificReport/Models
Searching for files in directory /home/travis/build/lnupmi11/ScientificReport/ScientificReport/Models/ViewModels
Searching for files in directory /home/travis/build/lnupmi11/ScientificReport/ScientificReport/obj
Searching for files in directory /home/travis/build/lnupmi11/ScientificReport/ScientificReport/Properties
Searching for files in directory /home/travis/build/lnupmi11/ScientificReport/ScientificReport/Views
Searching for files in directory /home/travis/build/lnupmi11/ScientificReport/ScientificReport/Views/Home
Searching for files in directory /home/travis/build/lnupmi11/ScientificReport/ScientificReport/Views/Report
Searching for files in directory /home/travis/build/lnupmi11/ScientificReport/ScientificReport/Views/Shared
Searching for files in directory /home/travis/build/lnupmi11/ScientificReport/ScientificReport/Views/UserProfile
Searching for files in directory /home/travis/build/lnupmi11/ScientificReport/ScientificReport/wwwroot
Reading and parsing tag files
Parsing files
Preprocessing /home/travis/build/lnupmi11/ScientificReport/ScientificReport/Controllers/HomeController.cs...
Parsing file /home/travis/build/lnupmi11/ScientificReport/ScientificReport/Controllers/HomeController.cs...
Preprocessing /home/travis/build/lnupmi11/ScientificReport/ScientificReport/Controllers/ReportController.cs...
Parsing file /home/travis/build/lnupmi11/ScientificReport/ScientificReport/Controllers/ReportController.cs...
Preprocessing /home/travis/build/lnupmi11/ScientificReport/ScientificReport/Controllers/UserProfileController.cs...
Parsing file /home/travis/build/lnupmi11/ScientificReport/ScientificReport/Controllers/UserProfileController.cs...
Preprocessing /home/travis/build/lnupmi11/ScientificReport/ScientificReport/Data/ApplicationDbContext.cs...
Parsing file /home/travis/build/lnupmi11/ScientificReport/ScientificReport/Data/ApplicationDbContext.cs...
Preprocessing /home/travis/build/lnupmi11/ScientificReport/ScientificReport/Migrations/20190404185800_Initial.cs...
Parsing file /home/travis/build/lnupmi11/ScientificReport/ScientificReport/Migrations/20190404185800_Initial.cs...
Preprocessing /home/travis/build/lnupmi11/ScientificReport/ScientificReport/Migrations/20190404185800_Initial.Designer.cs...
Parsing file /home/travis/build/lnupmi11/ScientificReport/ScientificReport/Migrations/20190404185800_Initial.Designer.cs...
Preprocessing /home/travis/build/lnupmi11/ScientificReport/ScientificReport/Migrations/ApplicationDbContextModelSnapshot.cs...
Parsing file /home/travis/build/lnupmi11/ScientificReport/ScientificReport/Migrations/ApplicationDbContextModelSnapshot.cs...
Preprocessing /home/travis/build/lnupmi11/ScientificReport/ScientificReport/Models/Article.cs...
Parsing file /home/travis/build/lnupmi11/ScientificReport/ScientificReport/Models/Article.cs...
Preprocessing /home/travis/build/lnupmi11/ScientificReport/ScientificReport/Models/Conference.cs...
Parsing file /home/travis/build/lnupmi11/ScientificReport/ScientificReport/Models/Conference.cs...
Preprocessing /home/travis/build/lnupmi11/ScientificReport/ScientificReport/Models/Department.cs...
Parsing file /home/travis/build/lnupmi11/ScientificReport/ScientificReport/Models/Department.cs...
Preprocessing /home/travis/build/lnupmi11/ScientificReport/ScientificReport/Models/DepartmentReport.cs...
Parsing file /home/travis/build/lnupmi11/ScientificReport/ScientificReport/Models/DepartmentReport.cs...
Preprocessing /home/travis/build/lnupmi11/ScientificReport/ScientificReport/Models/ErrorViewModel.cs...
Parsing file /home/travis/build/lnupmi11/ScientificReport/ScientificReport/Models/ErrorViewModel.cs...
Preprocessing /home/travis/build/lnupmi11/ScientificReport/ScientificReport/Models/FacultyReport.cs...
Parsing file /home/travis/build/lnupmi11/ScientificReport/ScientificReport/Models/FacultyReport.cs...
Preprocessing /home/travis/build/lnupmi11/ScientificReport/ScientificReport/Models/Grant.cs...
Parsing file /home/travis/build/lnupmi11/ScientificReport/ScientificReport/Models/Grant.cs...
Preprocessing /home/travis/build/lnupmi11/ScientificReport/ScientificReport/Models/Membership.cs...
Parsing file /home/travis/build/lnupmi11/ScientificReport/ScientificReport/Models/Membership.cs...
Preprocessing /home/travis/build/lnupmi11/ScientificReport/ScientificReport/Models/Opposition.cs...
Parsing file /home/travis/build/lnupmi11/ScientificReport/ScientificReport/Models/Opposition.cs...
Preprocessing /home/travis/build/lnupmi11/ScientificReport/ScientificReport/Models/PatentLicenseActivity.cs...
Parsing file /home/travis/build/lnupmi11/ScientificReport/ScientificReport/Models/PatentLicenseActivity.cs...
Preprocessing /home/travis/build/lnupmi11/ScientificReport/ScientificReport/Models/PostgraduateDissertationGuidance.cs...
Parsing file /home/travis/build/lnupmi11/ScientificReport/ScientificReport/Models/PostgraduateDissertationGuidance.cs...
Preprocessing /home/travis/build/lnupmi11/ScientificReport/ScientificReport/Models/PostgraduateGuidance.cs...
Parsing file /home/travis/build/lnupmi11/ScientificReport/ScientificReport/Models/PostgraduateGuidance.cs...
Preprocessing /home/travis/build/lnupmi11/ScientificReport/ScientificReport/Models/Publication.cs...
Parsing file /home/travis/build/lnupmi11/ScientificReport/ScientificReport/Models/Publication.cs...
Preprocessing /home/travis/build/lnupmi11/ScientificReport/ScientificReport/Models/Report.cs...
Parsing file /home/travis/build/lnupmi11/ScientificReport/ScientificReport/Models/Report.cs...
Preprocessing /home/travis/build/lnupmi11/ScientificReport/ScientificReport/Models/ReportThesis.cs...
Parsing file /home/travis/build/lnupmi11/ScientificReport/ScientificReport/Models/ReportThesis.cs...
Preprocessing /home/travis/build/lnupmi11/ScientificReport/ScientificReport/Models/Review.cs...
Parsing file /home/travis/build/lnupmi11/ScientificReport/ScientificReport/Models/Review.cs...
Preprocessing /home/travis/build/lnupmi11/ScientificReport/ScientificReport/Models/ScientificConsultation.cs...
Parsing file /home/travis/build/lnupmi11/ScientificReport/ScientificReport/Models/ScientificConsultation.cs...
Preprocessing /home/travis/build/lnupmi11/ScientificReport/ScientificReport/Models/ScientificInternship.cs...
Parsing file /home/travis/build/lnupmi11/ScientificReport/ScientificReport/Models/ScientificInternship.cs...
Preprocessing /home/travis/build/lnupmi11/ScientificReport/ScientificReport/Models/ScientificWork.cs...
Parsing file /home/travis/build/lnupmi11/ScientificReport/ScientificReport/Models/ScientificWork.cs...
Preprocessing /home/travis/build/lnupmi11/ScientificReport/ScientificReport/Models/SeedData.cs...
Parsing file /home/travis/build/lnupmi11/ScientificReport/ScientificReport/Models/SeedData.cs...
Preprocessing /home/travis/build/lnupmi11/ScientificReport/ScientificReport/Models/TeacherReport.cs...
Parsing file /home/travis/build/lnupmi11/ScientificReport/ScientificReport/Models/TeacherReport.cs...
Preprocessing /home/travis/build/lnupmi11/ScientificReport/ScientificReport/Models/UserProfile.cs...
Parsing file /home/travis/build/lnupmi11/ScientificReport/ScientificReport/Models/UserProfile.cs...
Preprocessing /home/travis/build/lnupmi11/ScientificReport/ScientificReport/Models/UserProfilesArticles.cs...
Parsing file /home/travis/build/lnupmi11/ScientificReport/ScientificReport/Models/UserProfilesArticles.cs...
Preprocessing /home/travis/build/lnupmi11/ScientificReport/ScientificReport/Models/UserProfilesGrants.cs...
Parsing file /home/travis/build/lnupmi11/ScientificReport/ScientificReport/Models/UserProfilesGrants.cs...
Preprocessing /home/travis/build/lnupmi11/ScientificReport/ScientificReport/Models/UserProfilesPatentLicenseActivities.cs...
Parsing file /home/travis/build/lnupmi11/ScientificReport/ScientificReport/Models/UserProfilesPatentLicenseActivities.cs...
Preprocessing /home/travis/build/lnupmi11/ScientificReport/ScientificReport/Models/UserProfilesPublications.cs...
Parsing file /home/travis/build/lnupmi11/ScientificReport/ScientificReport/Models/UserProfilesPublications.cs...
Preprocessing /home/travis/build/lnupmi11/ScientificReport/ScientificReport/Models/UserProfilesReportThesis.cs...
Parsing file /home/travis/build/lnupmi11/ScientificReport/ScientificReport/Models/UserProfilesReportThesis.cs...
Preprocessing /home/travis/build/lnupmi11/ScientificReport/ScientificReport/Models/UserProfilesReviews.cs...
Parsing file /home/travis/build/lnupmi11/ScientificReport/ScientificReport/Models/UserProfilesReviews.cs...
Preprocessing /home/travis/build/lnupmi11/ScientificReport/ScientificReport/Models/UserProfilesScientificInternships.cs...
Parsing file /home/travis/build/lnupmi11/ScientificReport/ScientificReport/Models/UserProfilesScientificInternships.cs...
Preprocessing /home/travis/build/lnupmi11/ScientificReport/ScientificReport/Models/UserProfilesScientificWorks.cs...
Parsing file /home/travis/build/lnupmi11/ScientificReport/ScientificReport/Models/UserProfilesScientificWorks.cs...
Preprocessing /home/travis/build/lnupmi11/ScientificReport/ScientificReport/Models/ViewModels/LoginModel.cs...
Parsing file /home/travis/build/lnupmi11/ScientificReport/ScientificReport/Models/ViewModels/LoginModel.cs...
Preprocessing /home/travis/build/lnupmi11/ScientificReport/ScientificReport/Models/ViewModels/RegisterModel.cs...
Parsing file /home/travis/build/lnupmi11/ScientificReport/ScientificReport/Models/ViewModels/RegisterModel.cs...
Preprocessing /home/travis/build/lnupmi11/ScientificReport/ScientificReport/Program.cs...
Parsing file /home/travis/build/lnupmi11/ScientificReport/ScientificReport/Program.cs...
Preprocessing /home/travis/build/lnupmi11/ScientificReport/ScientificReport/Startup.cs...
Parsing file /home/travis/build/lnupmi11/ScientificReport/ScientificReport/Startup.cs...
Building group list...
Building directory list...
Building namespace list...
Building file list...
Building class list...
Associating documentation with classes...
Computing nesting relations for classes...
Building example list...
Searching for enumerations...
Searching for documented typedefs...
Searching for members imported via using declarations...
Searching for included using directives...
Searching for documented variables...
Building interface member list...
Building member list...
Searching for friends...
Searching for documented defines...
Computing class inheritance relations...
Computing class usage relations...
Flushing cached template relations that have become invalid...
Creating members for template instances...
Computing class relations...
Add enum values to enums...
Searching for member function documentation...
Building page list...
Search for main page...
Computing page relations...
Determining the scope of groups...
Sorting lists...
Freeing entry tree
Determining which enums are documented
Computing member relations...
Building full member lists recursively...
Adding members to member groups.
Computing member references...
Inheriting documentation...
Generating disk names...
Adding source references...
Adding xrefitems...
Sorting member lists...
Computing dependencies between directories...
Generating citations page...
Counting data structures...
Resolving user defined references...
Finding anchors and sections in the documentation...
Transferring function references...
Combining using relations...
Adding members to index pages...
Generating style sheet...
Generating search indices...
Generating example documentation...
Generating file sources...
Generating code for file /home/travis/build/lnupmi11/ScientificReport/ScientificReport/Controllers/HomeController.cs...
Generating code for file /home/travis/build/lnupmi11/ScientificReport/ScientificReport/Controllers/ReportController.cs...
Generating code for file /home/travis/build/lnupmi11/ScientificReport/ScientificReport/Controllers/UserProfileController.cs...
Generating code for file /home/travis/build/lnupmi11/ScientificReport/ScientificReport/Data/ApplicationDbContext.cs...
Generating code for file /home/travis/build/lnupmi11/ScientificReport/ScientificReport/Migrations/20190404185800_Initial.cs...
Generating code for file /home/travis/build/lnupmi11/ScientificReport/ScientificReport/Migrations/20190404185800_Initial.Designer.cs...
Generating code for file /home/travis/build/lnupmi11/ScientificReport/ScientificReport/Migrations/ApplicationDbContextModelSnapshot.cs...
Generating code for file /home/travis/build/lnupmi11/ScientificReport/ScientificReport/Models/Article.cs...
Generating code for file /home/travis/build/lnupmi11/ScientificReport/ScientificReport/Models/Conference.cs...
Generating code for file /home/travis/build/lnupmi11/ScientificReport/ScientificReport/Models/Department.cs...
Generating code for file /home/travis/build/lnupmi11/ScientificReport/ScientificReport/Models/DepartmentReport.cs...
Generating code for file /home/travis/build/lnupmi11/ScientificReport/ScientificReport/Models/ErrorViewModel.cs...
Generating code for file /home/travis/build/lnupmi11/ScientificReport/ScientificReport/Models/FacultyReport.cs...
Generating code for file /home/travis/build/lnupmi11/ScientificReport/ScientificReport/Models/Grant.cs...
Generating code for file /home/travis/build/lnupmi11/ScientificReport/ScientificReport/Models/Membership.cs...
Generating code for file /home/travis/build/lnupmi11/ScientificReport/ScientificReport/Models/Opposition.cs...
Generating code for file /home/travis/build/lnupmi11/ScientificReport/ScientificReport/Models/PatentLicenseActivity.cs...
Generating code for file /home/travis/build/lnupmi11/ScientificReport/ScientificReport/Models/PostgraduateDissertationGuidance.cs...
Generating code for file /home/travis/build/lnupmi11/ScientificReport/ScientificReport/Models/PostgraduateGuidance.cs...
Generating code for file /home/travis/build/lnupmi11/ScientificReport/ScientificReport/Models/Publication.cs...
Generating code for file /home/travis/build/lnupmi11/ScientificReport/ScientificReport/Models/Report.cs...
Generating code for file /home/travis/build/lnupmi11/ScientificReport/ScientificReport/Models/ReportThesis.cs...
Generating code for file /home/travis/build/lnupmi11/ScientificReport/ScientificReport/Models/Review.cs...
Generating code for file /home/travis/build/lnupmi11/ScientificReport/ScientificReport/Models/ScientificConsultation.cs...
Generating code for file /home/travis/build/lnupmi11/ScientificReport/ScientificReport/Models/ScientificInternship.cs...
Generating code for file /home/travis/build/lnupmi11/ScientificReport/ScientificReport/Models/ScientificWork.cs...
Generating code for file /home/travis/build/lnupmi11/ScientificReport/ScientificReport/Models/SeedData.cs...
Generating code for file /home/travis/build/lnupmi11/ScientificReport/ScientificReport/Models/TeacherReport.cs...
Generating code for file /home/travis/build/lnupmi11/ScientificReport/ScientificReport/Models/UserProfile.cs...
Generating code for file /home/travis/build/lnupmi11/ScientificReport/ScientificReport/Models/UserProfilesArticles.cs...
Generating code for file /home/travis/build/lnupmi11/ScientificReport/ScientificReport/Models/UserProfilesGrants.cs...
Generating code for file /home/travis/build/lnupmi11/ScientificReport/ScientificReport/Models/UserProfilesPatentLicenseActivities.cs...
Generating code for file /home/travis/build/lnupmi11/ScientificReport/ScientificReport/Models/UserProfilesPublications.cs...
Generating code for file /home/travis/build/lnupmi11/ScientificReport/ScientificReport/Models/UserProfilesReportThesis.cs...
Generating code for file /home/travis/build/lnupmi11/ScientificReport/ScientificReport/Models/UserProfilesReviews.cs...
Generating code for file /home/travis/build/lnupmi11/ScientificReport/ScientificReport/Models/UserProfilesScientificInternships.cs...
Generating code for file /home/travis/build/lnupmi11/ScientificReport/ScientificReport/Models/UserProfilesScientificWorks.cs...
Generating code for file /home/travis/build/lnupmi11/ScientificReport/ScientificReport/Models/ViewModels/LoginModel.cs...
Generating code for file /home/travis/build/lnupmi11/ScientificReport/ScientificReport/Models/ViewModels/RegisterModel.cs...
Generating code for file /home/travis/build/lnupmi11/ScientificReport/ScientificReport/Program.cs...
Generating code for file /home/travis/build/lnupmi11/ScientificReport/ScientificReport/Startup.cs...
Generating file documentation...
Generating docs for file /home/travis/build/lnupmi11/ScientificReport/ScientificReport/Controllers/HomeController.cs...
Generating docs for file /home/travis/build/lnupmi11/ScientificReport/ScientificReport/Controllers/ReportController.cs...
Generating docs for file /home/travis/build/lnupmi11/ScientificReport/ScientificReport/Controllers/UserProfileController.cs...
Generating docs for file /home/travis/build/lnupmi11/ScientificReport/ScientificReport/Data/ApplicationDbContext.cs...
Generating docs for file /home/travis/build/lnupmi11/ScientificReport/ScientificReport/Migrations/20190404185800_Initial.cs...
Generating docs for file /home/travis/build/lnupmi11/ScientificReport/ScientificReport/Migrations/20190404185800_Initial.Designer.cs...
Generating docs for file /home/travis/build/lnupmi11/ScientificReport/ScientificReport/Migrations/ApplicationDbContextModelSnapshot.cs...
Generating docs for file /home/travis/build/lnupmi11/ScientificReport/ScientificReport/Models/Article.cs...
Generating docs for file /home/travis/build/lnupmi11/ScientificReport/ScientificReport/Models/Conference.cs...
Generating docs for file /home/travis/build/lnupmi11/ScientificReport/ScientificReport/Models/Department.cs...
Generating docs for file /home/travis/build/lnupmi11/ScientificReport/ScientificReport/Models/DepartmentReport.cs...
Generating docs for file /home/travis/build/lnupmi11/ScientificReport/ScientificReport/Models/ErrorViewModel.cs...
Generating docs for file /home/travis/build/lnupmi11/ScientificReport/ScientificReport/Models/FacultyReport.cs...
Generating docs for file /home/travis/build/lnupmi11/ScientificReport/ScientificReport/Models/Grant.cs...
Generating docs for file /home/travis/build/lnupmi11/ScientificReport/ScientificReport/Models/Membership.cs...
Generating docs for file /home/travis/build/lnupmi11/ScientificReport/ScientificReport/Models/Opposition.cs...
Generating docs for file /home/travis/build/lnupmi11/ScientificReport/ScientificReport/Models/PatentLicenseActivity.cs...
Generating docs for file /home/travis/build/lnupmi11/ScientificReport/ScientificReport/Models/PostgraduateDissertationGuidance.cs...
Generating docs for file /home/travis/build/lnupmi11/ScientificReport/ScientificReport/Models/PostgraduateGuidance.cs...
Generating docs for file /home/travis/build/lnupmi11/ScientificReport/ScientificReport/Models/Publication.cs...
Generating docs for file /home/travis/build/lnupmi11/ScientificReport/ScientificReport/Models/Report.cs...
Generating docs for file /home/travis/build/lnupmi11/ScientificReport/ScientificReport/Models/ReportThesis.cs...
Generating docs for file /home/travis/build/lnupmi11/ScientificReport/ScientificReport/Models/Review.cs...
Generating docs for file /home/travis/build/lnupmi11/ScientificReport/ScientificReport/Models/ScientificConsultation.cs...
Generating docs for file /home/travis/build/lnupmi11/ScientificReport/ScientificReport/Models/ScientificInternship.cs...
Generating docs for file /home/travis/build/lnupmi11/ScientificReport/ScientificReport/Models/ScientificWork.cs...
Generating docs for file /home/travis/build/lnupmi11/ScientificReport/ScientificReport/Models/SeedData.cs...
Generating docs for file /home/travis/build/lnupmi11/ScientificReport/ScientificReport/Models/TeacherReport.cs...
Generating docs for file /home/travis/build/lnupmi11/ScientificReport/ScientificReport/Models/UserProfile.cs...
Generating docs for file /home/travis/build/lnupmi11/ScientificReport/ScientificReport/Models/UserProfilesArticles.cs...
Generating docs for file /home/travis/build/lnupmi11/ScientificReport/ScientificReport/Models/UserProfilesGrants.cs...
Generating docs for file /home/travis/build/lnupmi11/ScientificReport/ScientificReport/Models/UserProfilesPatentLicenseActivities.cs...
Generating docs for file /home/travis/build/lnupmi11/ScientificReport/ScientificReport/Models/UserProfilesPublications.cs...
Generating docs for file /home/travis/build/lnupmi11/ScientificReport/ScientificReport/Models/UserProfilesReportThesis.cs...
Generating docs for file /home/travis/build/lnupmi11/ScientificReport/ScientificReport/Models/UserProfilesReviews.cs...
Generating docs for file /home/travis/build/lnupmi11/ScientificReport/ScientificReport/Models/UserProfilesScientificInternships.cs...
Generating docs for file /home/travis/build/lnupmi11/ScientificReport/ScientificReport/Models/UserProfilesScientificWorks.cs...
Generating docs for file /home/travis/build/lnupmi11/ScientificReport/ScientificReport/Models/ViewModels/LoginModel.cs...
Generating docs for file /home/travis/build/lnupmi11/ScientificReport/ScientificReport/Models/ViewModels/RegisterModel.cs...
Generating docs for file /home/travis/build/lnupmi11/ScientificReport/ScientificReport/Program.cs...
Generating docs for file /home/travis/build/lnupmi11/ScientificReport/ScientificReport/Startup.cs...
Generating page documentation...
Generating group documentation...
Generating class documentation...
Generating namespace index...
Generating docs for namespace ScientificReport
Generating docs for compound ScientificReport::Program...
Generating docs for compound ScientificReport::Startup...
Generating docs for namespace ScientificReport::Controllers
Generating docs for compound ScientificReport::Controllers::HomeController...
Generating docs for compound ScientificReport::Controllers::ReportController...
Generating docs for compound ScientificReport::Controllers::UserProfileController...
Generating docs for namespace ScientificReport::Data
Generating docs for compound ScientificReport::Data::ApplicationDbContext...
Generating docs for namespace ScientificReport::Migrations
Generating docs for compound ScientificReport::Migrations::ApplicationDbContextModelSnapshot...
Generating docs for compound ScientificReport::Migrations::Initial...
Generating docs for namespace ScientificReport::Models
Generating docs for compound ScientificReport::Models::Article...
Generating docs for compound ScientificReport::Models::Conference...
Generating docs for compound ScientificReport::Models::Department...
Generating docs for compound ScientificReport::Models::DepartmentReport...
Generating docs for compound ScientificReport::Models::ErrorViewModel...
Generating docs for compound ScientificReport::Models::FacultyReport...
Generating docs for compound ScientificReport::Models::Grant...
Generating docs for compound ScientificReport::Models::Membership...
Generating docs for compound ScientificReport::Models::Opposition...
Generating docs for compound ScientificReport::Models::PatentLicenseActivity...
Generating docs for compound ScientificReport::Models::PostgraduateDissertationGuidance...
Generating docs for compound ScientificReport::Models::PostgraduateGuidance...
Generating docs for compound ScientificReport::Models::Publication...
Generating docs for compound ScientificReport::Models::Report...
Generating docs for compound ScientificReport::Models::ReportThesis...
Generating docs for compound ScientificReport::Models::Review...
Generating docs for compound ScientificReport::Models::ScientificConsultation...
Generating docs for compound ScientificReport::Models::ScientificInternship...
Generating docs for compound ScientificReport::Models::ScientificWork...
Generating docs for compound ScientificReport::Models::TeacherReport...
Generating docs for compound ScientificReport::Models::UserProfile...
Generating docs for compound ScientificReport::Models::UserProfilesArticles...
Generating docs for compound ScientificReport::Models::UserProfilesGrants...
Generating docs for compound ScientificReport::Models::UserProfilesPatentLicenseActivities...
Generating docs for compound ScientificReport::Models::UserProfilesPublications...
Generating docs for compound ScientificReport::Models::UserProfilesReportThesis...
Generating docs for compound ScientificReport::Models::UserProfilesReviews...
Generating docs for compound ScientificReport::Models::UserProfilesScientificInternships...
Generating docs for compound ScientificReport::Models::UserProfilesScientificWorks...
Generating docs for namespace ScientificReport::Models::ViewModels
Generating docs for compound ScientificReport::Models::ViewModels::LoginModel...
Generating docs for compound ScientificReport::Models::ViewModels::RegisterModel...
Generating graph info page...
Generating directory documentation...
Generating index page...
Generating page index...
Generating module index...
Generating namespace index...
Generating namespace member index...
Generating annotated compound index...
Generating alphabetical compound index...
Generating hierarchical class index...
Generating graphical class hierarchy...
Generating member index...
Generating file index...
Generating file member index...
Generating example index...
finalizing index lists...
writing tag file...
Running dot...
Generating dot graphs using 3 parallel threads...
Running dot for graph 1/85
Running dot for graph 2/85
Running dot for graph 3/85
Running dot for graph 4/85
Running dot for graph 5/85
Running dot for graph 6/85
Running dot for graph 7/85
Running dot for graph 8/85
Running dot for graph 9/85
Running dot for graph 10/85
Running dot for graph 11/85
Running dot for graph 12/85
Running dot for graph 13/85
Running dot for graph 14/85
Running dot for graph 15/85
Running dot for graph 16/85
Running dot for graph 17/85
Running dot for graph 18/85
Running dot for graph 19/85
Running dot for graph 20/85
Running dot for graph 21/85
Running dot for graph 22/85
Running dot for graph 23/85
Running dot for graph 24/85
Running dot for graph 25/85
Running dot for graph 26/85
Running dot for graph 27/85
Running dot for graph 28/85
Running dot for graph 29/85
Running dot for graph 30/85
Running dot for graph 31/85
Running dot for graph 32/85
Running dot for graph 33/85
Running dot for graph 34/85
Running dot for graph 35/85
Running dot for graph 36/85
Running dot for graph 37/85
Running dot for graph 38/85
Running dot for graph 39/85
Running dot for graph 40/85
Running dot for graph 41/85
Running dot for graph 42/85
Running dot for graph 43/85
Running dot for graph 44/85
Running dot for graph 45/85
Running dot for graph 46/85
Running dot for graph 47/85
Running dot for graph 48/85
Running dot for graph 49/85
Running dot for graph 50/85
Running dot for graph 51/85
Running dot for graph 52/85
Running dot for graph 53/85
Running dot for graph 54/85
Running dot for graph 55/85
Running dot for graph 56/85
Running dot for graph 57/85
Running dot for graph 58/85
Running dot for graph 59/85
Running dot for graph 60/85
Running dot for graph 61/85
Running dot for graph 62/85
Running dot for graph 63/85
Running dot for graph 64/85
Running dot for graph 65/85
Running dot for graph 66/85
Running dot for graph 67/85
Running dot for graph 68/85
Running dot for graph 69/85
Running dot for graph 70/85
Running dot for graph 71/85
Running dot for graph 72/85
Running dot for graph 73/85
Running dot for graph 74/85
Running dot for graph 75/85
Running dot for graph 76/85
Running dot for graph 77/85
Running dot for graph 78/85
Running dot for graph 79/85
Running dot for graph 80/85
Running dot for graph 81/85
Running dot for graph 82/85
Running dot for graph 83/85
Running dot for graph 84/85
Running dot for graph 85/85
Patching output file 1/40
Patching output file 2/40
Patching output file 3/40
Patching output file 4/40
Patching output file 5/40
Patching output file 6/40
Patching output file 7/40
Patching output file 8/40
Patching output file 9/40
Patching output file 10/40
Patching output file 11/40
Patching output file 12/40
Patching output file 13/40
Patching output file 14/40
Patching output file 15/40
Patching output file 16/40
Patching output file 17/40
Patching output file 18/40
Patching output file 19/40
Patching output file 20/40
Patching output file 21/40
Patching output file 22/40
Patching output file 23/40
Patching output file 24/40
Patching output file 25/40
Patching output file 26/40
Patching output file 27/40
Patching output file 28/40
Patching output file 29/40
Patching output file 30/40
Patching output file 31/40
Patching output file 32/40
Patching output file 33/40
Patching output file 34/40
Patching output file 35/40
Patching output file 36/40
Patching output file 37/40
Patching output file 38/40
Patching output file 39/40
Patching output file 40/40
lookup cache used 862/65536 hits=2393 misses=867
finished...
